<?xml version="1.0" encoding="UTF-8"?>
<!-- Generated by org.testng.reporters.JUnitReportReporter -->
<testsuite hostname="LAPTOP-QNKEP47S" failures="0" tests="1" name="automation.Demo" time="5.601" errors="0" timestamp="2024-12-22T19:35:28 IST" skipped="0">
  <testcase classname="automation.Demo" name="demo" time="5.601"/>
  <system-out/>
</testsuite> <!-- automation.Demo -->
