<?xml version="1.0" encoding="UTF-8"?>
<!-- Generated by org.testng.reporters.JUnitReportReporter -->
<testsuite hostname="LAPTOP-QNKEP47S" failures="0" tests="1" name="apiautomation.Demo1" time="7.019" errors="0" timestamp="2024-12-25T08:01:24 IST" skipped="0">
  <testcase classname="apiautomation.Demo1" name="reqres" time="7.019"/>
  <system-out/>
</testsuite> <!-- apiautomation.Demo1 -->
